{"level":"info","message":"Warming Controller Service running on port 3010","timestamp":"2025-05-06T15:03:20.498Z"}
{"level":"info","message":"Starting warming cycle","timestamp":"2025-05-06T15:03:20.506Z"}
{"level":"info","message":"Peak hours for auth service, prioritizing warm-up","timestamp":"2025-05-06T15:03:20.509Z"}
{"level":"error","message":"Error warming auth service:","timestamp":"2025-05-06T15:03:58.568Z"}
{"level":"info","message":"Peak hours for user service, prioritizing warm-up","timestamp":"2025-05-06T15:03:58.571Z"}
{"level":"info","message":"Peak hours for learning-path service, prioritizing warm-up","timestamp":"2025-05-06T15:04:00.516Z"}
{"level":"error","message":"Error warming learning-path service:","timestamp":"2025-05-06T15:04:00.706Z"}
{"level":"info","message":"Completed warming cycle","timestamp":"2025-05-06T15:04:00.788Z"}
{"level":"info","message":"Peak hour detected, running priority warm-up","timestamp":"2025-05-06T15:05:00.323Z"}
{"level":"info","message":"Starting warming cycle","timestamp":"2025-05-06T15:05:00.324Z"}
{"level":"info","message":"Peak hours for auth service, prioritizing warm-up","timestamp":"2025-05-06T15:05:00.324Z"}
{"level":"error","message":"Error warming auth service:","timestamp":"2025-05-06T15:05:00.452Z"}
{"level":"info","message":"Peak hours for user service, prioritizing warm-up","timestamp":"2025-05-06T15:05:00.453Z"}
{"level":"info","message":"Peak hours for learning-path service, prioritizing warm-up","timestamp":"2025-05-06T15:05:01.604Z"}
{"level":"error","message":"Error warming learning-path service:","timestamp":"2025-05-06T15:05:01.610Z"}
{"level":"info","message":"Completed warming cycle","timestamp":"2025-05-06T15:05:01.611Z"}
{"level":"info","message":"Peak hour detected, running priority warm-up","timestamp":"2025-05-06T15:10:00.339Z"}
{"level":"info","message":"Starting warming cycle","timestamp":"2025-05-06T15:10:00.362Z"}
{"level":"info","message":"Peak hours for auth service, prioritizing warm-up","timestamp":"2025-05-06T15:10:00.363Z"}
{"level":"error","message":"Error warming auth service:","timestamp":"2025-05-06T15:10:00.485Z"}
{"level":"info","message":"Peak hours for user service, prioritizing warm-up","timestamp":"2025-05-06T15:10:00.486Z"}
{"level":"info","message":"Peak hours for learning-path service, prioritizing warm-up","timestamp":"2025-05-06T15:10:02.549Z"}
{"level":"error","message":"Error warming learning-path service:","timestamp":"2025-05-06T15:10:02.584Z"}
{"level":"info","message":"Completed warming cycle","timestamp":"2025-05-06T15:10:02.585Z"}
{"level":"info","message":"Peak hour detected, running priority warm-up","timestamp":"2025-05-06T15:15:00.748Z"}
{"level":"info","message":"Starting warming cycle","timestamp":"2025-05-06T15:15:00.847Z"}
{"level":"info","message":"Peak hours for auth service, prioritizing warm-up","timestamp":"2025-05-06T15:15:01.069Z"}
{"level":"error","message":"Error warming auth service:","timestamp":"2025-05-06T15:15:04.162Z"}
{"level":"info","message":"Peak hours for user service, prioritizing warm-up","timestamp":"2025-05-06T15:15:04.163Z"}
{"level":"info","message":"Peak hours for learning-path service, prioritizing warm-up","timestamp":"2025-05-06T15:15:05.703Z"}
{"level":"error","message":"Error warming learning-path service:","timestamp":"2025-05-06T15:15:05.751Z"}
{"level":"info","message":"Completed warming cycle","timestamp":"2025-05-06T15:15:05.753Z"}
{"level":"info","message":"Peak hour detected, running priority warm-up","timestamp":"2025-05-06T15:20:00.365Z"}
{"level":"info","message":"Starting warming cycle","timestamp":"2025-05-06T15:20:00.382Z"}
{"level":"info","message":"Peak hours for auth service, prioritizing warm-up","timestamp":"2025-05-06T15:20:00.385Z"}
{"level":"error","message":"Error warming auth service:","timestamp":"2025-05-06T15:20:07.225Z"}
{"level":"info","message":"Peak hours for user service, prioritizing warm-up","timestamp":"2025-05-06T15:20:07.226Z"}
{"level":"info","message":"Peak hours for learning-path service, prioritizing warm-up","timestamp":"2025-05-06T15:20:08.819Z"}
{"level":"error","message":"Error warming learning-path service:","timestamp":"2025-05-06T15:20:08.860Z"}
{"level":"info","message":"Completed warming cycle","timestamp":"2025-05-06T15:20:08.865Z"}
{"level":"info","message":"Peak hour detected, running priority warm-up","timestamp":"2025-05-06T15:25:00.351Z"}
{"level":"info","message":"Starting warming cycle","timestamp":"2025-05-06T15:25:00.357Z"}
{"level":"info","message":"Peak hours for auth service, prioritizing warm-up","timestamp":"2025-05-06T15:25:00.358Z"}
{"level":"error","message":"Error warming auth service:","timestamp":"2025-05-06T15:25:04.197Z"}
{"level":"info","message":"Peak hours for user service, prioritizing warm-up","timestamp":"2025-05-06T15:25:04.226Z"}
{"level":"info","message":"Peak hours for learning-path service, prioritizing warm-up","timestamp":"2025-05-06T15:25:05.552Z"}
{"level":"error","message":"Error warming learning-path service:","timestamp":"2025-05-06T15:25:05.602Z"}
{"level":"info","message":"Completed warming cycle","timestamp":"2025-05-06T15:25:05.603Z"}
{"level":"info","message":"Peak hour detected, running priority warm-up","timestamp":"2025-05-06T15:30:00.255Z"}
{"level":"info","message":"Starting warming cycle","timestamp":"2025-05-06T15:30:00.389Z"}
{"level":"info","message":"Peak hours for auth service, prioritizing warm-up","timestamp":"2025-05-06T15:30:00.495Z"}
{"level":"error","message":"Error warming auth service:","timestamp":"2025-05-06T15:30:12.541Z"}
{"level":"info","message":"Peak hours for user service, prioritizing warm-up","timestamp":"2025-05-06T15:30:12.544Z"}
{"level":"info","message":"Peak hours for learning-path service, prioritizing warm-up","timestamp":"2025-05-06T15:30:14.202Z"}
{"level":"error","message":"Error warming learning-path service:","timestamp":"2025-05-06T15:30:14.252Z"}
{"level":"info","message":"Completed warming cycle","timestamp":"2025-05-06T15:30:14.254Z"}
{"level":"info","message":"Peak hour detected, running priority warm-up","timestamp":"2025-05-06T15:35:00.751Z"}
{"level":"info","message":"Starting warming cycle","timestamp":"2025-05-06T15:35:00.762Z"}
{"level":"info","message":"Peak hours for auth service, prioritizing warm-up","timestamp":"2025-05-06T15:35:00.765Z"}
{"level":"error","message":"Error warming auth service:","timestamp":"2025-05-06T15:35:07.107Z"}
{"level":"info","message":"Peak hours for user service, prioritizing warm-up","timestamp":"2025-05-06T15:35:07.135Z"}
{"level":"info","message":"Peak hours for learning-path service, prioritizing warm-up","timestamp":"2025-05-06T15:35:08.523Z"}
{"level":"error","message":"Error warming learning-path service:","timestamp":"2025-05-06T15:35:08.583Z"}
{"level":"info","message":"Completed warming cycle","timestamp":"2025-05-06T15:35:08.733Z"}
{"level":"info","message":"Peak hour detected, running priority warm-up","timestamp":"2025-05-06T15:40:00.068Z"}
{"level":"info","message":"Starting warming cycle","timestamp":"2025-05-06T15:40:00.081Z"}
{"level":"info","message":"Peak hours for auth service, prioritizing warm-up","timestamp":"2025-05-06T15:40:00.082Z"}
{"level":"error","message":"Error warming auth service:","timestamp":"2025-05-06T15:40:02.988Z"}
{"level":"info","message":"Peak hours for user service, prioritizing warm-up","timestamp":"2025-05-06T15:40:02.996Z"}
{"level":"info","message":"Peak hours for learning-path service, prioritizing warm-up","timestamp":"2025-05-06T15:40:04.577Z"}
{"level":"error","message":"Error warming learning-path service:","timestamp":"2025-05-06T15:40:04.616Z"}
{"level":"info","message":"Completed warming cycle","timestamp":"2025-05-06T15:40:04.653Z"}
{"level":"info","message":"Peak hour detected, running priority warm-up","timestamp":"2025-05-06T15:45:00.278Z"}
{"level":"info","message":"Starting warming cycle","timestamp":"2025-05-06T15:45:00.300Z"}
{"level":"info","message":"Peak hours for auth service, prioritizing warm-up","timestamp":"2025-05-06T15:45:00.301Z"}
{"level":"error","message":"Error warming auth service:","timestamp":"2025-05-06T15:45:05.427Z"}
{"level":"info","message":"Peak hours for user service, prioritizing warm-up","timestamp":"2025-05-06T15:45:05.428Z"}
{"level":"info","message":"Peak hours for learning-path service, prioritizing warm-up","timestamp":"2025-05-06T15:45:07.064Z"}
{"level":"error","message":"Error warming learning-path service:","timestamp":"2025-05-06T15:45:07.119Z"}
{"level":"info","message":"Completed warming cycle","timestamp":"2025-05-06T15:45:07.129Z"}
{"level":"info","message":"Peak hour detected, running priority warm-up","timestamp":"2025-05-06T15:50:00.656Z"}
{"level":"info","message":"Starting warming cycle","timestamp":"2025-05-06T15:50:00.665Z"}
{"level":"info","message":"Peak hours for auth service, prioritizing warm-up","timestamp":"2025-05-06T15:50:00.673Z"}
{"level":"error","message":"Error warming auth service:","timestamp":"2025-05-06T15:50:16.168Z"}
{"level":"info","message":"Peak hours for user service, prioritizing warm-up","timestamp":"2025-05-06T15:50:16.174Z"}
{"level":"info","message":"Peak hours for learning-path service, prioritizing warm-up","timestamp":"2025-05-06T15:50:18.415Z"}
{"level":"error","message":"Error warming learning-path service:","timestamp":"2025-05-06T15:50:19.316Z"}
{"level":"info","message":"Completed warming cycle","timestamp":"2025-05-06T15:50:19.411Z"}
{"level":"info","message":"Peak hour detected, running priority warm-up","timestamp":"2025-05-06T15:55:00.484Z"}
{"level":"info","message":"Starting warming cycle","timestamp":"2025-05-06T15:55:00.495Z"}
{"level":"info","message":"Peak hours for auth service, prioritizing warm-up","timestamp":"2025-05-06T15:55:00.503Z"}
{"level":"error","message":"Error warming auth service:","timestamp":"2025-05-06T15:55:01.208Z"}
{"level":"info","message":"Peak hours for user service, prioritizing warm-up","timestamp":"2025-05-06T15:55:01.208Z"}
{"level":"info","message":"Peak hours for learning-path service, prioritizing warm-up","timestamp":"2025-05-06T15:55:02.487Z"}
{"level":"error","message":"Error warming learning-path service:","timestamp":"2025-05-06T15:55:02.509Z"}
{"level":"info","message":"Completed warming cycle","timestamp":"2025-05-06T15:55:02.509Z"}
{"level":"info","message":"Peak hour detected, running priority warm-up","timestamp":"2025-05-06T16:00:00.541Z"}
{"level":"info","message":"Starting warming cycle","timestamp":"2025-05-06T16:00:00.547Z"}
{"level":"info","message":"Peak hours for auth service, prioritizing warm-up","timestamp":"2025-05-06T16:00:00.547Z"}
{"level":"error","message":"Error warming auth service:","timestamp":"2025-05-06T16:00:01.087Z"}
{"level":"info","message":"Peak hours for user service, prioritizing warm-up","timestamp":"2025-05-06T16:00:01.087Z"}
{"level":"info","message":"Peak hours for learning-path service, prioritizing warm-up","timestamp":"2025-05-06T16:00:02.635Z"}
{"level":"error","message":"Error warming learning-path service:","timestamp":"2025-05-06T16:00:02.665Z"}
{"level":"info","message":"Completed warming cycle","timestamp":"2025-05-06T16:00:02.666Z"}
{"level":"info","message":"Peak hour detected, running priority warm-up","timestamp":"2025-05-06T16:05:00.323Z"}
{"level":"info","message":"Starting warming cycle","timestamp":"2025-05-06T16:05:00.690Z"}
{"level":"info","message":"Peak hours for auth service, prioritizing warm-up","timestamp":"2025-05-06T16:05:00.690Z"}
{"level":"error","message":"Error warming auth service:","timestamp":"2025-05-06T16:05:02.221Z"}
{"level":"info","message":"Peak hours for user service, prioritizing warm-up","timestamp":"2025-05-06T16:05:02.221Z"}
{"level":"info","message":"Peak hours for learning-path service, prioritizing warm-up","timestamp":"2025-05-06T16:05:05.066Z"}
{"level":"error","message":"Error warming learning-path service:","timestamp":"2025-05-06T16:05:05.111Z"}
{"level":"info","message":"Completed warming cycle","timestamp":"2025-05-06T16:05:05.112Z"}
{"level":"info","message":"Peak hour detected, running priority warm-up","timestamp":"2025-05-06T16:10:00.594Z"}
{"level":"info","message":"Starting warming cycle","timestamp":"2025-05-06T16:10:00.600Z"}
{"level":"info","message":"Peak hours for auth service, prioritizing warm-up","timestamp":"2025-05-06T16:10:00.600Z"}
{"level":"error","message":"Error warming auth service:","timestamp":"2025-05-06T16:10:00.798Z"}
{"level":"info","message":"Peak hours for user service, prioritizing warm-up","timestamp":"2025-05-06T16:10:00.798Z"}
{"level":"info","message":"Peak hours for learning-path service, prioritizing warm-up","timestamp":"2025-05-06T16:10:01.960Z"}
{"level":"error","message":"Error warming learning-path service:","timestamp":"2025-05-06T16:10:01.974Z"}
{"level":"info","message":"Completed warming cycle","timestamp":"2025-05-06T16:10:01.975Z"}
{"level":"info","message":"Peak hour detected, running priority warm-up","timestamp":"2025-05-06T16:15:00.482Z"}
{"level":"info","message":"Starting warming cycle","timestamp":"2025-05-06T16:15:00.501Z"}
{"level":"info","message":"Peak hours for auth service, prioritizing warm-up","timestamp":"2025-05-06T16:15:00.503Z"}
{"level":"error","message":"Error warming auth service:","timestamp":"2025-05-06T16:15:17.424Z"}
{"level":"info","message":"Peak hours for user service, prioritizing warm-up","timestamp":"2025-05-06T16:15:17.425Z"}
{"level":"info","message":"Peak hours for learning-path service, prioritizing warm-up","timestamp":"2025-05-06T16:15:19.192Z"}
{"level":"error","message":"Error warming learning-path service:","timestamp":"2025-05-06T16:15:20.387Z"}
{"level":"info","message":"Completed warming cycle","timestamp":"2025-05-06T16:15:20.392Z"}
{"level":"info","message":"Peak hour detected, running priority warm-up","timestamp":"2025-05-06T16:20:00.162Z"}
{"level":"info","message":"Starting warming cycle","timestamp":"2025-05-06T16:20:00.225Z"}
{"level":"info","message":"Peak hours for auth service, prioritizing warm-up","timestamp":"2025-05-06T16:20:00.240Z"}
{"level":"error","message":"Error warming auth service:","timestamp":"2025-05-06T16:20:08.017Z"}
{"level":"info","message":"Peak hours for user service, prioritizing warm-up","timestamp":"2025-05-06T16:20:08.018Z"}
{"level":"info","message":"Peak hours for learning-path service, prioritizing warm-up","timestamp":"2025-05-06T16:20:09.374Z"}
{"level":"error","message":"Error warming learning-path service:","timestamp":"2025-05-06T16:20:09.405Z"}
{"level":"info","message":"Completed warming cycle","timestamp":"2025-05-06T16:20:09.406Z"}
{"level":"info","message":"Peak hour detected, running priority warm-up","timestamp":"2025-05-06T16:25:00.753Z"}
{"level":"info","message":"Starting warming cycle","timestamp":"2025-05-06T16:25:00.759Z"}
{"level":"info","message":"Peak hours for auth service, prioritizing warm-up","timestamp":"2025-05-06T16:25:00.772Z"}
{"level":"error","message":"Error warming auth service:","timestamp":"2025-05-06T16:25:01.324Z"}
{"level":"info","message":"Peak hours for user service, prioritizing warm-up","timestamp":"2025-05-06T16:25:01.325Z"}
{"level":"info","message":"Peak hours for learning-path service, prioritizing warm-up","timestamp":"2025-05-06T16:25:03.021Z"}
{"level":"error","message":"Error warming learning-path service:","timestamp":"2025-05-06T16:25:03.051Z"}
{"level":"info","message":"Completed warming cycle","timestamp":"2025-05-06T16:25:03.052Z"}
{"level":"info","message":"Peak hour detected, running priority warm-up","timestamp":"2025-05-06T16:30:00.988Z"}
{"level":"info","message":"Starting warming cycle","timestamp":"2025-05-06T16:30:00.989Z"}
{"level":"info","message":"Peak hours for auth service, prioritizing warm-up","timestamp":"2025-05-06T16:30:00.991Z"}
{"level":"error","message":"Error warming auth service:","timestamp":"2025-05-06T16:30:01.129Z"}
{"level":"info","message":"Peak hours for user service, prioritizing warm-up","timestamp":"2025-05-06T16:30:01.129Z"}
{"level":"info","message":"Peak hours for learning-path service, prioritizing warm-up","timestamp":"2025-05-06T16:30:02.329Z"}
{"level":"error","message":"Error warming learning-path service:","timestamp":"2025-05-06T16:30:02.334Z"}
{"level":"info","message":"Completed warming cycle","timestamp":"2025-05-06T16:30:02.335Z"}
{"level":"info","message":"Peak hour detected, running priority warm-up","timestamp":"2025-05-06T16:35:00.424Z"}
{"level":"info","message":"Starting warming cycle","timestamp":"2025-05-06T16:35:00.429Z"}
{"level":"info","message":"Peak hours for auth service, prioritizing warm-up","timestamp":"2025-05-06T16:35:00.430Z"}
{"level":"error","message":"Error warming auth service:","timestamp":"2025-05-06T16:35:07.772Z"}
{"level":"info","message":"Peak hours for user service, prioritizing warm-up","timestamp":"2025-05-06T16:35:07.773Z"}
{"level":"error","message":"Error warming user service:","timestamp":"2025-05-06T16:35:07.881Z"}
{"level":"info","message":"Peak hours for learning-path service, prioritizing warm-up","timestamp":"2025-05-06T16:35:07.881Z"}
{"level":"error","message":"Error warming learning-path service:","timestamp":"2025-05-06T16:35:07.910Z"}
{"level":"info","message":"Completed warming cycle","timestamp":"2025-05-06T16:35:07.910Z"}
{"level":"info","message":"Peak hour detected, running priority warm-up","timestamp":"2025-05-06T16:40:00.288Z"}
{"level":"info","message":"Starting warming cycle","timestamp":"2025-05-06T16:40:00.296Z"}
{"level":"info","message":"Peak hours for auth service, prioritizing warm-up","timestamp":"2025-05-06T16:40:00.297Z"}
{"level":"error","message":"Error warming auth service:","timestamp":"2025-05-06T16:40:03.673Z"}
{"level":"info","message":"Peak hours for user service, prioritizing warm-up","timestamp":"2025-05-06T16:40:03.674Z"}
{"level":"info","message":"Peak hours for learning-path service, prioritizing warm-up","timestamp":"2025-05-06T16:40:05.272Z"}
{"level":"error","message":"Error warming learning-path service:","timestamp":"2025-05-06T16:40:05.307Z"}
{"level":"info","message":"Completed warming cycle","timestamp":"2025-05-06T16:40:05.308Z"}
{"level":"info","message":"Peak hour detected, running priority warm-up","timestamp":"2025-05-06T16:45:00.574Z"}
{"level":"info","message":"Starting warming cycle","timestamp":"2025-05-06T16:45:00.575Z"}
{"level":"info","message":"Peak hours for auth service, prioritizing warm-up","timestamp":"2025-05-06T16:45:00.575Z"}
{"level":"error","message":"Error warming auth service:","timestamp":"2025-05-06T16:45:00.652Z"}
{"level":"info","message":"Peak hours for user service, prioritizing warm-up","timestamp":"2025-05-06T16:45:00.652Z"}
{"level":"info","message":"Peak hours for learning-path service, prioritizing warm-up","timestamp":"2025-05-06T16:45:01.885Z"}
{"level":"error","message":"Error warming learning-path service:","timestamp":"2025-05-06T16:45:01.889Z"}
{"level":"info","message":"Completed warming cycle","timestamp":"2025-05-06T16:45:01.889Z"}
{"level":"info","message":"Peak hour detected, running priority warm-up","timestamp":"2025-05-06T16:50:00.862Z"}
{"level":"info","message":"Starting warming cycle","timestamp":"2025-05-06T16:50:00.862Z"}
{"level":"info","message":"Peak hours for auth service, prioritizing warm-up","timestamp":"2025-05-06T16:50:00.863Z"}
{"level":"error","message":"Error warming auth service:","timestamp":"2025-05-06T16:50:00.935Z"}
{"level":"info","message":"Peak hours for user service, prioritizing warm-up","timestamp":"2025-05-06T16:50:00.935Z"}
{"level":"info","message":"Peak hours for learning-path service, prioritizing warm-up","timestamp":"2025-05-06T16:50:02.392Z"}
{"level":"error","message":"Error warming learning-path service:","timestamp":"2025-05-06T16:50:02.398Z"}
{"level":"info","message":"Completed warming cycle","timestamp":"2025-05-06T16:50:02.399Z"}
{"level":"info","message":"Peak hour detected, running priority warm-up","timestamp":"2025-05-06T16:55:00.186Z"}
{"level":"info","message":"Starting warming cycle","timestamp":"2025-05-06T16:55:00.187Z"}
{"level":"info","message":"Peak hours for auth service, prioritizing warm-up","timestamp":"2025-05-06T16:55:00.187Z"}
{"level":"error","message":"Error warming auth service:","timestamp":"2025-05-06T16:55:00.261Z"}
{"level":"info","message":"Peak hours for user service, prioritizing warm-up","timestamp":"2025-05-06T16:55:00.261Z"}
{"level":"info","message":"Peak hours for learning-path service, prioritizing warm-up","timestamp":"2025-05-06T16:55:01.443Z"}
{"level":"error","message":"Error warming learning-path service:","timestamp":"2025-05-06T16:55:01.448Z"}
{"level":"info","message":"Completed warming cycle","timestamp":"2025-05-06T16:55:01.448Z"}
{"level":"info","message":"Running standard warm-up cycle","timestamp":"2025-05-06T17:00:00.677Z"}
{"level":"info","message":"Starting warming cycle","timestamp":"2025-05-06T17:00:00.677Z"}
{"level":"error","message":"Error warming auth service:","timestamp":"2025-05-06T17:00:00.771Z"}
{"level":"error","message":"Error warming learning-path service:","timestamp":"2025-05-06T17:00:02.283Z"}
{"level":"info","message":"Completed warming cycle","timestamp":"2025-05-06T17:00:02.283Z"}
{"level":"info","message":"Running standard warm-up cycle","timestamp":"2025-05-06T17:15:00.184Z"}
{"level":"info","message":"Starting warming cycle","timestamp":"2025-05-06T17:15:00.185Z"}
{"level":"error","message":"Error warming auth service:","timestamp":"2025-05-06T17:15:00.321Z"}
{"level":"error","message":"Error warming learning-path service:","timestamp":"2025-05-06T17:15:01.837Z"}
{"level":"info","message":"Completed warming cycle","timestamp":"2025-05-06T17:15:01.837Z"}
{"level":"info","message":"Running standard warm-up cycle","timestamp":"2025-05-06T17:30:00.929Z"}
{"level":"info","message":"Starting warming cycle","timestamp":"2025-05-06T17:30:00.956Z"}
{"level":"error","message":"Error warming auth service:","timestamp":"2025-05-06T17:30:15.684Z"}
{"level":"error","message":"Error warming learning-path service:","timestamp":"2025-05-06T17:30:17.711Z"}
{"level":"info","message":"Completed warming cycle","timestamp":"2025-05-06T17:30:17.722Z"}
{"level":"info","message":"Running standard warm-up cycle","timestamp":"2025-05-06T17:45:00.787Z"}
{"level":"info","message":"Starting warming cycle","timestamp":"2025-05-06T17:45:00.798Z"}
{"level":"error","message":"Error warming auth service:","timestamp":"2025-05-06T17:45:01.290Z"}
{"level":"error","message":"Error warming learning-path service:","timestamp":"2025-05-06T17:45:02.916Z"}
{"level":"info","message":"Completed warming cycle","timestamp":"2025-05-06T17:45:02.916Z"}
{"level":"info","message":"Running standard warm-up cycle","timestamp":"2025-05-06T18:00:00.594Z"}
{"level":"info","message":"Starting warming cycle","timestamp":"2025-05-06T18:00:00.609Z"}
{"level":"error","message":"Error warming auth service:","timestamp":"2025-05-06T18:00:01.882Z"}
{"level":"error","message":"Error warming learning-path service:","timestamp":"2025-05-06T18:00:03.879Z"}
{"level":"info","message":"Completed warming cycle","timestamp":"2025-05-06T18:00:03.880Z"}
{"level":"info","message":"Running standard warm-up cycle","timestamp":"2025-05-06T18:15:00.548Z"}
{"level":"info","message":"Starting warming cycle","timestamp":"2025-05-06T18:15:00.562Z"}
{"level":"error","message":"Error warming auth service:","timestamp":"2025-05-06T18:15:01.200Z"}
{"level":"error","message":"Error warming learning-path service:","timestamp":"2025-05-06T18:15:03.081Z"}
{"level":"info","message":"Completed warming cycle","timestamp":"2025-05-06T18:15:03.081Z"}
{"level":"info","message":"Running standard warm-up cycle","timestamp":"2025-05-06T18:30:00.122Z"}
{"level":"info","message":"Starting warming cycle","timestamp":"2025-05-06T18:30:00.130Z"}
{"level":"error","message":"Error warming auth service:","timestamp":"2025-05-06T18:30:00.489Z"}
{"level":"error","message":"Error warming learning-path service:","timestamp":"2025-05-06T18:30:02.151Z"}
{"level":"info","message":"Completed warming cycle","timestamp":"2025-05-06T18:30:02.151Z"}
{"level":"info","message":"Running standard warm-up cycle","timestamp":"2025-05-06T18:45:00.479Z"}
{"level":"info","message":"Starting warming cycle","timestamp":"2025-05-06T18:45:00.480Z"}
{"level":"error","message":"Error warming auth service:","timestamp":"2025-05-06T18:45:00.764Z"}
{"level":"error","message":"Error warming learning-path service:","timestamp":"2025-05-06T18:45:02.311Z"}
{"level":"info","message":"Completed warming cycle","timestamp":"2025-05-06T18:45:02.311Z"}
{"level":"info","message":"Running standard warm-up cycle","timestamp":"2025-05-06T19:00:00.910Z"}
{"level":"info","message":"Starting warming cycle","timestamp":"2025-05-06T19:00:00.911Z"}
{"level":"error","message":"Error warming auth service:","timestamp":"2025-05-06T19:00:01.052Z"}
{"level":"error","message":"Error warming learning-path service:","timestamp":"2025-05-06T19:00:02.763Z"}
{"level":"info","message":"Completed warming cycle","timestamp":"2025-05-06T19:00:02.763Z"}
{"level":"info","message":"Running standard warm-up cycle","timestamp":"2025-05-06T19:15:00.959Z"}
{"level":"info","message":"Starting warming cycle","timestamp":"2025-05-06T19:15:00.961Z"}
{"level":"error","message":"Error warming auth service:","timestamp":"2025-05-06T19:15:01.202Z"}
{"level":"error","message":"Error warming learning-path service:","timestamp":"2025-05-06T19:15:02.989Z"}
{"level":"info","message":"Completed warming cycle","timestamp":"2025-05-06T19:15:02.989Z"}
{"level":"info","message":"Running standard warm-up cycle","timestamp":"2025-05-06T19:30:00.841Z"}
{"level":"info","message":"Starting warming cycle","timestamp":"2025-05-06T19:30:00.841Z"}
{"level":"error","message":"Error warming auth service:","timestamp":"2025-05-06T19:30:01.011Z"}
{"level":"error","message":"Error warming learning-path service:","timestamp":"2025-05-06T19:30:03.031Z"}
{"level":"info","message":"Completed warming cycle","timestamp":"2025-05-06T19:30:03.032Z"}
{"level":"info","message":"Running standard warm-up cycle","timestamp":"2025-05-06T19:45:00.729Z"}
{"level":"info","message":"Starting warming cycle","timestamp":"2025-05-06T19:45:00.732Z"}
{"level":"error","message":"Error warming auth service:","timestamp":"2025-05-06T19:45:01.044Z"}
{"level":"error","message":"Error warming learning-path service:","timestamp":"2025-05-06T19:45:02.819Z"}
{"level":"info","message":"Completed warming cycle","timestamp":"2025-05-06T19:45:02.819Z"}
{"level":"info","message":"Peak hour detected, running priority warm-up","timestamp":"2025-05-07T11:45:00.831Z"}
{"level":"info","message":"Starting warming cycle","timestamp":"2025-05-07T11:45:00.835Z"}
{"level":"error","message":"Error warming auth service:","timestamp":"2025-05-07T11:45:01.217Z"}
{"level":"error","message":"Error warming user service:","timestamp":"2025-05-07T11:45:01.268Z"}
{"level":"info","message":"Peak hours for learning-path service, prioritizing warm-up","timestamp":"2025-05-07T11:45:01.271Z"}
{"level":"error","message":"Error warming learning-path service:","timestamp":"2025-05-07T11:45:01.276Z"}
{"level":"info","message":"Completed warming cycle","timestamp":"2025-05-07T11:45:01.276Z"}
{"level":"info","message":"Peak hour detected, running priority warm-up","timestamp":"2025-05-07T11:50:00.546Z"}
{"level":"info","message":"Starting warming cycle","timestamp":"2025-05-07T11:50:00.549Z"}
{"level":"error","message":"Error warming auth service:","timestamp":"2025-05-07T11:50:00.993Z"}
{"level":"info","message":"Peak hours for learning-path service, prioritizing warm-up","timestamp":"2025-05-07T11:50:02.640Z"}
{"level":"error","message":"Error warming learning-path service:","timestamp":"2025-05-07T11:50:02.650Z"}
{"level":"info","message":"Completed warming cycle","timestamp":"2025-05-07T11:50:02.651Z"}
{"level":"info","message":"Peak hour detected, running priority warm-up","timestamp":"2025-05-07T11:55:00.736Z"}
{"level":"info","message":"Starting warming cycle","timestamp":"2025-05-07T11:55:00.742Z"}
{"level":"error","message":"Error warming auth service:","timestamp":"2025-05-07T11:55:02.783Z"}
{"level":"info","message":"Peak hours for learning-path service, prioritizing warm-up","timestamp":"2025-05-07T11:55:05.856Z"}
{"level":"error","message":"Error warming learning-path service:","timestamp":"2025-05-07T11:55:05.955Z"}
{"level":"info","message":"Completed warming cycle","timestamp":"2025-05-07T11:55:05.958Z"}
{"level":"info","message":"Running standard warm-up cycle","timestamp":"2025-05-07T12:00:00.280Z"}
{"level":"info","message":"Starting warming cycle","timestamp":"2025-05-07T12:00:00.281Z"}
{"level":"error","message":"Error warming auth service:","timestamp":"2025-05-07T12:00:00.853Z"}
{"level":"error","message":"Error warming learning-path service:","timestamp":"2025-05-07T12:00:02.119Z"}
{"level":"info","message":"Completed warming cycle","timestamp":"2025-05-07T12:00:02.120Z"}
{"level":"info","message":"Running standard warm-up cycle","timestamp":"2025-05-07T12:15:00.511Z"}
{"level":"info","message":"Starting warming cycle","timestamp":"2025-05-07T12:15:00.522Z"}
{"level":"error","message":"Error warming auth service:","timestamp":"2025-05-07T12:15:00.954Z"}
{"level":"error","message":"Error warming learning-path service:","timestamp":"2025-05-07T12:15:04.676Z"}
{"level":"info","message":"Completed warming cycle","timestamp":"2025-05-07T12:15:04.676Z"}
{"level":"info","message":"Running standard warm-up cycle","timestamp":"2025-05-07T12:30:00.983Z"}
{"level":"info","message":"Starting warming cycle","timestamp":"2025-05-07T12:30:01.059Z"}
{"level":"error","message":"Error warming auth service:","timestamp":"2025-05-07T12:30:36.987Z"}
{"level":"error","message":"Error warming learning-path service:","timestamp":"2025-05-07T12:30:40.101Z"}
{"level":"info","message":"Completed warming cycle","timestamp":"2025-05-07T12:30:40.118Z"}
{"level":"info","message":"Running standard warm-up cycle","timestamp":"2025-05-07T12:45:00.965Z"}
{"level":"info","message":"Starting warming cycle","timestamp":"2025-05-07T12:45:01.155Z"}
{"level":"error","message":"Error warming auth service:","timestamp":"2025-05-07T12:45:23.550Z"}
{"level":"error","message":"Error warming learning-path service:","timestamp":"2025-05-07T12:45:25.377Z"}
{"level":"info","message":"Completed warming cycle","timestamp":"2025-05-07T12:45:25.382Z"}
{"level":"info","message":"Peak hour detected, running priority warm-up","timestamp":"2025-05-07T13:00:00.082Z"}
{"level":"info","message":"Starting warming cycle","timestamp":"2025-05-07T13:00:00.109Z"}
{"level":"info","message":"Peak hours for auth service, prioritizing warm-up","timestamp":"2025-05-07T13:00:00.111Z"}
{"level":"error","message":"Error warming auth service:","timestamp":"2025-05-07T13:00:07.863Z"}
{"level":"info","message":"Peak hours for user service, prioritizing warm-up","timestamp":"2025-05-07T13:00:07.874Z"}
{"level":"error","message":"Error warming learning-path service:","timestamp":"2025-05-07T13:00:09.866Z"}
{"level":"info","message":"Completed warming cycle","timestamp":"2025-05-07T13:00:09.892Z"}
{"level":"info","message":"Peak hour detected, running priority warm-up","timestamp":"2025-05-07T13:05:00.367Z"}
{"level":"info","message":"Starting warming cycle","timestamp":"2025-05-07T13:05:00.411Z"}
{"level":"info","message":"Peak hours for auth service, prioritizing warm-up","timestamp":"2025-05-07T13:05:00.413Z"}
{"level":"error","message":"Error warming auth service:","timestamp":"2025-05-07T13:05:44.407Z"}
{"level":"info","message":"Peak hours for user service, prioritizing warm-up","timestamp":"2025-05-07T13:05:44.519Z"}
{"level":"error","message":"Error warming learning-path service:","timestamp":"2025-05-07T13:05:46.551Z"}
{"level":"info","message":"Completed warming cycle","timestamp":"2025-05-07T13:05:46.562Z"}
{"level":"info","message":"Peak hour detected, running priority warm-up","timestamp":"2025-05-07T13:10:00.136Z"}
{"level":"info","message":"Starting warming cycle","timestamp":"2025-05-07T13:10:00.141Z"}
{"level":"info","message":"Peak hours for auth service, prioritizing warm-up","timestamp":"2025-05-07T13:10:00.142Z"}
{"level":"error","message":"Error warming auth service:","timestamp":"2025-05-07T13:10:10.595Z"}
{"level":"info","message":"Peak hours for user service, prioritizing warm-up","timestamp":"2025-05-07T13:10:10.601Z"}
{"level":"error","message":"Error warming learning-path service:","timestamp":"2025-05-07T13:10:13.151Z"}
{"level":"info","message":"Completed warming cycle","timestamp":"2025-05-07T13:10:13.255Z"}
{"level":"info","message":"Peak hour detected, running priority warm-up","timestamp":"2025-05-07T13:15:00.464Z"}
{"level":"info","message":"Starting warming cycle","timestamp":"2025-05-07T13:15:00.522Z"}
{"level":"info","message":"Peak hours for auth service, prioritizing warm-up","timestamp":"2025-05-07T13:15:00.531Z"}
{"level":"error","message":"Error warming auth service:","timestamp":"2025-05-07T13:16:16.131Z"}
{"level":"info","message":"Peak hours for user service, prioritizing warm-up","timestamp":"2025-05-07T13:16:16.150Z"}
{"level":"error","message":"Error warming learning-path service:","timestamp":"2025-05-07T13:16:18.883Z"}
{"level":"info","message":"Completed warming cycle","timestamp":"2025-05-07T13:16:18.892Z"}
{"level":"info","message":"Peak hour detected, running priority warm-up","timestamp":"2025-05-07T13:20:00.675Z"}
{"level":"info","message":"Starting warming cycle","timestamp":"2025-05-07T13:20:00.899Z"}
{"level":"info","message":"Peak hours for auth service, prioritizing warm-up","timestamp":"2025-05-07T13:20:00.901Z"}
{"level":"error","message":"Error warming auth service:","timestamp":"2025-05-07T13:20:01.491Z"}
{"level":"info","message":"Peak hours for user service, prioritizing warm-up","timestamp":"2025-05-07T13:20:01.492Z"}
{"level":"error","message":"Error warming learning-path service:","timestamp":"2025-05-07T13:20:02.961Z"}
{"level":"info","message":"Completed warming cycle","timestamp":"2025-05-07T13:20:02.962Z"}
{"level":"info","message":"Peak hour detected, running priority warm-up","timestamp":"2025-05-07T13:25:00.742Z"}
{"level":"info","message":"Starting warming cycle","timestamp":"2025-05-07T13:25:00.744Z"}
{"level":"info","message":"Peak hours for auth service, prioritizing warm-up","timestamp":"2025-05-07T13:25:00.745Z"}
{"level":"error","message":"Error warming auth service:","timestamp":"2025-05-07T13:25:07.949Z"}
{"level":"info","message":"Peak hours for user service, prioritizing warm-up","timestamp":"2025-05-07T13:25:07.950Z"}
{"level":"error","message":"Error warming learning-path service:","timestamp":"2025-05-07T13:25:10.489Z"}
{"level":"info","message":"Completed warming cycle","timestamp":"2025-05-07T13:25:10.490Z"}
{"level":"info","message":"Peak hour detected, running priority warm-up","timestamp":"2025-05-07T13:30:00.944Z"}
{"level":"info","message":"Starting warming cycle","timestamp":"2025-05-07T13:30:01.075Z"}
{"level":"info","message":"Peak hours for auth service, prioritizing warm-up","timestamp":"2025-05-07T13:30:01.078Z"}
{"level":"error","message":"Error warming auth service:","timestamp":"2025-05-07T13:31:05.791Z"}
{"level":"info","message":"Peak hours for user service, prioritizing warm-up","timestamp":"2025-05-07T13:31:05.793Z"}
{"level":"error","message":"Error warming learning-path service:","timestamp":"2025-05-07T13:31:08.975Z"}
{"level":"info","message":"Completed warming cycle","timestamp":"2025-05-07T13:31:08.976Z"}
{"level":"info","message":"Peak hour detected, running priority warm-up","timestamp":"2025-05-07T13:35:00.792Z"}
{"level":"info","message":"Starting warming cycle","timestamp":"2025-05-07T13:35:00.799Z"}
{"level":"info","message":"Peak hours for auth service, prioritizing warm-up","timestamp":"2025-05-07T13:35:00.801Z"}
{"level":"error","message":"Error warming auth service:","timestamp":"2025-05-07T13:35:34.039Z"}
{"level":"info","message":"Peak hours for user service, prioritizing warm-up","timestamp":"2025-05-07T13:35:34.040Z"}
{"level":"error","message":"Error warming learning-path service:","timestamp":"2025-05-07T13:35:35.549Z"}
{"level":"info","message":"Completed warming cycle","timestamp":"2025-05-07T13:35:35.550Z"}
{"level":"info","message":"Peak hour detected, running priority warm-up","timestamp":"2025-05-07T13:40:00.999Z"}
{"level":"info","message":"Starting warming cycle","timestamp":"2025-05-07T13:40:01.018Z"}
{"level":"info","message":"Peak hours for auth service, prioritizing warm-up","timestamp":"2025-05-07T13:40:01.022Z"}
{"level":"error","message":"Error warming auth service:","timestamp":"2025-05-07T13:40:12.800Z"}
{"level":"info","message":"Peak hours for user service, prioritizing warm-up","timestamp":"2025-05-07T13:40:12.801Z"}
{"level":"error","message":"Error warming learning-path service:","timestamp":"2025-05-07T13:40:14.775Z"}
{"level":"info","message":"Completed warming cycle","timestamp":"2025-05-07T13:40:14.781Z"}
{"level":"info","message":"Peak hour detected, running priority warm-up","timestamp":"2025-05-07T13:45:00.932Z"}
{"level":"info","message":"Starting warming cycle","timestamp":"2025-05-07T13:45:00.953Z"}
{"level":"info","message":"Peak hours for auth service, prioritizing warm-up","timestamp":"2025-05-07T13:45:00.954Z"}
{"level":"error","message":"Error warming auth service:","timestamp":"2025-05-07T13:45:01.211Z"}
{"level":"info","message":"Peak hours for user service, prioritizing warm-up","timestamp":"2025-05-07T13:45:01.211Z"}
{"level":"error","message":"Error warming learning-path service:","timestamp":"2025-05-07T13:45:02.575Z"}
{"level":"info","message":"Completed warming cycle","timestamp":"2025-05-07T13:45:02.575Z"}
{"level":"info","message":"Peak hour detected, running priority warm-up","timestamp":"2025-05-07T13:50:00.420Z"}
{"level":"info","message":"Starting warming cycle","timestamp":"2025-05-07T13:50:00.445Z"}
{"level":"info","message":"Peak hours for auth service, prioritizing warm-up","timestamp":"2025-05-07T13:50:00.446Z"}
{"level":"error","message":"Error warming auth service:","timestamp":"2025-05-07T13:50:00.771Z"}
{"level":"info","message":"Peak hours for user service, prioritizing warm-up","timestamp":"2025-05-07T13:50:00.772Z"}
{"level":"error","message":"Error warming learning-path service:","timestamp":"2025-05-07T13:50:03.149Z"}
{"level":"info","message":"Completed warming cycle","timestamp":"2025-05-07T13:50:03.150Z"}
{"level":"info","message":"Peak hour detected, running priority warm-up","timestamp":"2025-05-07T13:55:00.944Z"}
{"level":"info","message":"Starting warming cycle","timestamp":"2025-05-07T13:55:00.956Z"}
{"level":"info","message":"Peak hours for auth service, prioritizing warm-up","timestamp":"2025-05-07T13:55:00.956Z"}
{"level":"error","message":"Error warming auth service:","timestamp":"2025-05-07T13:55:15.639Z"}
{"level":"info","message":"Peak hours for user service, prioritizing warm-up","timestamp":"2025-05-07T13:55:15.639Z"}
{"level":"error","message":"Error warming learning-path service:","timestamp":"2025-05-07T13:55:17.721Z"}
{"level":"info","message":"Completed warming cycle","timestamp":"2025-05-07T13:55:17.722Z"}
{"level":"info","message":"Peak hour detected, running priority warm-up","timestamp":"2025-05-07T14:00:00.044Z"}
{"level":"info","message":"Starting warming cycle","timestamp":"2025-05-07T14:00:00.214Z"}
{"level":"info","message":"Peak hours for auth service, prioritizing warm-up","timestamp":"2025-05-07T14:00:00.215Z"}
{"level":"error","message":"Error warming auth service:","timestamp":"2025-05-07T14:02:49.230Z"}
{"level":"info","message":"Peak hours for user service, prioritizing warm-up","timestamp":"2025-05-07T14:02:49.236Z"}
{"level":"info","message":"Peak hours for learning-path service, prioritizing warm-up","timestamp":"2025-05-07T14:02:51.148Z"}
{"level":"error","message":"Error warming learning-path service:","timestamp":"2025-05-07T14:02:51.210Z"}
{"level":"info","message":"Completed warming cycle","timestamp":"2025-05-07T14:02:51.211Z"}
{"level":"info","message":"Peak hour detected, running priority warm-up","timestamp":"2025-05-07T14:05:00.451Z"}
{"level":"info","message":"Starting warming cycle","timestamp":"2025-05-07T14:05:00.453Z"}
{"level":"info","message":"Peak hours for auth service, prioritizing warm-up","timestamp":"2025-05-07T14:05:00.454Z"}
{"level":"error","message":"Error warming auth service:","timestamp":"2025-05-07T14:05:00.885Z"}
{"level":"info","message":"Peak hours for user service, prioritizing warm-up","timestamp":"2025-05-07T14:05:00.886Z"}
{"level":"info","message":"Peak hours for learning-path service, prioritizing warm-up","timestamp":"2025-05-07T14:05:02.213Z"}
{"level":"error","message":"Error warming learning-path service:","timestamp":"2025-05-07T14:05:02.222Z"}
{"level":"info","message":"Completed warming cycle","timestamp":"2025-05-07T14:05:02.228Z"}
{"level":"info","message":"Peak hour detected, running priority warm-up","timestamp":"2025-05-07T14:10:00.939Z"}
{"level":"info","message":"Starting warming cycle","timestamp":"2025-05-07T14:10:01.378Z"}
{"level":"info","message":"Peak hours for auth service, prioritizing warm-up","timestamp":"2025-05-07T14:10:01.415Z"}
{"level":"error","message":"Error warming auth service:","timestamp":"2025-05-07T14:10:36.635Z"}
{"level":"info","message":"Peak hours for user service, prioritizing warm-up","timestamp":"2025-05-07T14:10:36.637Z"}
{"level":"info","message":"Peak hours for learning-path service, prioritizing warm-up","timestamp":"2025-05-07T14:10:38.913Z"}
{"level":"error","message":"Error warming learning-path service:","timestamp":"2025-05-07T14:10:38.975Z"}
{"level":"info","message":"Completed warming cycle","timestamp":"2025-05-07T14:10:38.976Z"}
{"level":"info","message":"Peak hour detected, running priority warm-up","timestamp":"2025-05-07T14:15:00.872Z"}
{"level":"info","message":"Starting warming cycle","timestamp":"2025-05-07T14:15:00.961Z"}
{"level":"info","message":"Peak hours for auth service, prioritizing warm-up","timestamp":"2025-05-07T14:15:00.975Z"}
{"level":"error","message":"Error warming auth service:","timestamp":"2025-05-07T14:15:07.155Z"}
{"level":"info","message":"Peak hours for user service, prioritizing warm-up","timestamp":"2025-05-07T14:15:07.156Z"}
{"level":"info","message":"Peak hours for learning-path service, prioritizing warm-up","timestamp":"2025-05-07T14:15:08.500Z"}
{"level":"error","message":"Error warming learning-path service:","timestamp":"2025-05-07T14:15:08.556Z"}
{"level":"info","message":"Completed warming cycle","timestamp":"2025-05-07T14:15:08.557Z"}
{"level":"info","message":"Peak hour detected, running priority warm-up","timestamp":"2025-05-07T14:20:00.673Z"}
{"level":"info","message":"Starting warming cycle","timestamp":"2025-05-07T14:20:00.700Z"}
{"level":"info","message":"Peak hours for auth service, prioritizing warm-up","timestamp":"2025-05-07T14:20:00.706Z"}
{"level":"error","message":"Error warming auth service:","timestamp":"2025-05-07T14:22:28.240Z"}
{"level":"info","message":"Peak hours for user service, prioritizing warm-up","timestamp":"2025-05-07T14:22:28.243Z"}
{"level":"info","message":"Peak hours for learning-path service, prioritizing warm-up","timestamp":"2025-05-07T14:22:30.920Z"}
{"level":"error","message":"Error warming learning-path service:","timestamp":"2025-05-07T14:22:30.990Z"}
{"level":"info","message":"Completed warming cycle","timestamp":"2025-05-07T14:22:30.990Z"}
{"level":"info","message":"Peak hour detected, running priority warm-up","timestamp":"2025-05-07T14:25:00.582Z"}
{"level":"info","message":"Starting warming cycle","timestamp":"2025-05-07T14:25:00.592Z"}
{"level":"info","message":"Peak hours for auth service, prioritizing warm-up","timestamp":"2025-05-07T14:25:00.595Z"}
{"level":"error","message":"Error warming auth service:","timestamp":"2025-05-07T14:25:01.902Z"}
{"level":"info","message":"Peak hours for user service, prioritizing warm-up","timestamp":"2025-05-07T14:25:01.913Z"}
{"level":"info","message":"Peak hours for learning-path service, prioritizing warm-up","timestamp":"2025-05-07T14:25:03.516Z"}
{"level":"error","message":"Error warming learning-path service:","timestamp":"2025-05-07T14:25:03.533Z"}
{"level":"info","message":"Completed warming cycle","timestamp":"2025-05-07T14:25:03.534Z"}
{"level":"info","message":"Peak hour detected, running priority warm-up","timestamp":"2025-05-07T14:30:01.004Z"}
{"level":"info","message":"Starting warming cycle","timestamp":"2025-05-07T14:30:01.031Z"}
{"level":"info","message":"Peak hours for auth service, prioritizing warm-up","timestamp":"2025-05-07T14:30:01.033Z"}
{"level":"error","message":"Error warming auth service:","timestamp":"2025-05-07T14:30:31.583Z"}
{"level":"info","message":"Peak hours for user service, prioritizing warm-up","timestamp":"2025-05-07T14:30:31.593Z"}
{"level":"error","message":"Error warming user service:","timestamp":"2025-05-07T14:30:31.783Z"}
{"level":"info","message":"Peak hours for learning-path service, prioritizing warm-up","timestamp":"2025-05-07T14:30:31.813Z"}
{"level":"error","message":"Error warming learning-path service:","timestamp":"2025-05-07T14:30:31.858Z"}
{"level":"info","message":"Completed warming cycle","timestamp":"2025-05-07T14:30:31.872Z"}
{"level":"info","message":"Peak hour detected, running priority warm-up","timestamp":"2025-05-07T14:35:00.364Z"}
{"level":"info","message":"Starting warming cycle","timestamp":"2025-05-07T14:35:00.392Z"}
{"level":"info","message":"Peak hours for auth service, prioritizing warm-up","timestamp":"2025-05-07T14:35:00.394Z"}
{"level":"error","message":"Error warming auth service:","timestamp":"2025-05-07T14:35:27.257Z"}
{"level":"info","message":"Peak hours for user service, prioritizing warm-up","timestamp":"2025-05-07T14:35:27.294Z"}
{"level":"info","message":"Peak hours for learning-path service, prioritizing warm-up","timestamp":"2025-05-07T14:35:34.122Z"}
{"level":"error","message":"Error warming learning-path service:","timestamp":"2025-05-07T14:35:34.537Z"}
{"level":"info","message":"Completed warming cycle","timestamp":"2025-05-07T14:35:34.589Z"}
{"level":"info","message":"Peak hour detected, running priority warm-up","timestamp":"2025-05-07T14:40:00.923Z"}
{"level":"info","message":"Starting warming cycle","timestamp":"2025-05-07T14:40:00.938Z"}
{"level":"info","message":"Peak hours for auth service, prioritizing warm-up","timestamp":"2025-05-07T14:40:00.941Z"}
{"level":"error","message":"Error warming auth service:","timestamp":"2025-05-07T14:40:12.288Z"}
{"level":"info","message":"Peak hours for user service, prioritizing warm-up","timestamp":"2025-05-07T14:40:12.323Z"}
{"level":"info","message":"Peak hours for learning-path service, prioritizing warm-up","timestamp":"2025-05-07T14:40:14.423Z"}
{"level":"error","message":"Error warming learning-path service:","timestamp":"2025-05-07T14:40:14.556Z"}
{"level":"info","message":"Completed warming cycle","timestamp":"2025-05-07T14:40:14.609Z"}
{"level":"info","message":"Peak hour detected, running priority warm-up","timestamp":"2025-05-07T14:45:00.388Z"}
{"level":"info","message":"Starting warming cycle","timestamp":"2025-05-07T14:45:01.742Z"}
{"level":"info","message":"Peak hours for auth service, prioritizing warm-up","timestamp":"2025-05-07T14:45:01.877Z"}
{"level":"error","message":"Error warming auth service:","timestamp":"2025-05-07T14:46:08.141Z"}
{"level":"info","message":"Peak hours for user service, prioritizing warm-up","timestamp":"2025-05-07T14:46:08.162Z"}
{"level":"info","message":"Peak hours for learning-path service, prioritizing warm-up","timestamp":"2025-05-07T14:46:11.506Z"}
{"level":"error","message":"Error warming learning-path service:","timestamp":"2025-05-07T14:46:11.541Z"}
{"level":"info","message":"Completed warming cycle","timestamp":"2025-05-07T14:46:11.541Z"}
{"level":"info","message":"Peak hour detected, running priority warm-up","timestamp":"2025-05-07T14:50:00.800Z"}
{"level":"info","message":"Starting warming cycle","timestamp":"2025-05-07T14:50:00.840Z"}
{"level":"info","message":"Peak hours for auth service, prioritizing warm-up","timestamp":"2025-05-07T14:50:00.842Z"}
{"level":"error","message":"Error warming auth service:","timestamp":"2025-05-07T14:50:46.360Z"}
{"level":"info","message":"Peak hours for user service, prioritizing warm-up","timestamp":"2025-05-07T14:50:46.361Z"}
{"level":"info","message":"Peak hours for learning-path service, prioritizing warm-up","timestamp":"2025-05-07T14:50:48.312Z"}
{"level":"error","message":"Error warming learning-path service:","timestamp":"2025-05-07T14:50:48.781Z"}
{"level":"info","message":"Completed warming cycle","timestamp":"2025-05-07T14:50:48.807Z"}
{"level":"info","message":"Peak hour detected, running priority warm-up","timestamp":"2025-05-07T14:55:00.547Z"}
{"level":"info","message":"Starting warming cycle","timestamp":"2025-05-07T14:55:00.553Z"}
{"level":"info","message":"Peak hours for auth service, prioritizing warm-up","timestamp":"2025-05-07T14:55:00.555Z"}
{"level":"error","message":"Error warming auth service:","timestamp":"2025-05-07T14:57:18.410Z"}
{"level":"info","message":"Peak hours for user service, prioritizing warm-up","timestamp":"2025-05-07T14:57:18.413Z"}
{"level":"info","message":"Peak hours for learning-path service, prioritizing warm-up","timestamp":"2025-05-07T14:57:25.787Z"}
{"level":"error","message":"Error warming learning-path service:","timestamp":"2025-05-07T14:57:25.867Z"}
{"level":"info","message":"Completed warming cycle","timestamp":"2025-05-07T14:57:25.882Z"}
{"level":"info","message":"Peak hour detected, running priority warm-up","timestamp":"2025-05-07T15:00:00.977Z"}
{"level":"info","message":"Starting warming cycle","timestamp":"2025-05-07T15:00:00.981Z"}
{"level":"info","message":"Peak hours for auth service, prioritizing warm-up","timestamp":"2025-05-07T15:00:00.982Z"}
{"level":"error","message":"Error warming auth service:","timestamp":"2025-05-07T15:03:52.344Z"}
{"level":"info","message":"Peak hours for user service, prioritizing warm-up","timestamp":"2025-05-07T15:03:52.353Z"}
{"level":"info","message":"Peak hours for learning-path service, prioritizing warm-up","timestamp":"2025-05-07T15:03:55.586Z"}
{"level":"error","message":"Error warming learning-path service:","timestamp":"2025-05-07T15:03:55.738Z"}
{"level":"info","message":"Completed warming cycle","timestamp":"2025-05-07T15:03:55.739Z"}
{"level":"info","message":"Peak hour detected, running priority warm-up","timestamp":"2025-05-07T15:05:00.660Z"}
{"level":"info","message":"Starting warming cycle","timestamp":"2025-05-07T15:05:00.664Z"}
{"level":"info","message":"Peak hours for auth service, prioritizing warm-up","timestamp":"2025-05-07T15:05:00.665Z"}
{"level":"info","message":"Peak hour detected, running priority warm-up","timestamp":"2025-05-07T15:10:00.254Z"}
{"level":"info","message":"Starting warming cycle","timestamp":"2025-05-07T15:10:00.319Z"}
{"level":"info","message":"Peak hours for auth service, prioritizing warm-up","timestamp":"2025-05-07T15:10:00.324Z"}
{"level":"error","message":"Error warming auth service:","timestamp":"2025-05-07T16:49:50.352Z"}
{"level":"info","message":"Peak hours for user service, prioritizing warm-up","timestamp":"2025-05-07T16:49:50.354Z"}
{"level":"error","message":"Error warming auth service:","timestamp":"2025-05-07T16:49:50.357Z"}
{"level":"info","message":"Peak hours for user service, prioritizing warm-up","timestamp":"2025-05-07T16:49:50.357Z"}
{"level":"error","message":"Error warming user service:","timestamp":"2025-05-07T16:49:50.452Z"}
{"level":"info","message":"Peak hours for learning-path service, prioritizing warm-up","timestamp":"2025-05-07T16:49:50.452Z"}
{"level":"error","message":"Error warming user service:","timestamp":"2025-05-07T16:49:50.455Z"}
{"level":"info","message":"Peak hours for learning-path service, prioritizing warm-up","timestamp":"2025-05-07T16:49:50.455Z"}
{"level":"error","message":"Error warming learning-path service:","timestamp":"2025-05-07T16:49:50.480Z"}
{"level":"info","message":"Completed warming cycle","timestamp":"2025-05-07T16:49:50.484Z"}
{"level":"error","message":"Error warming learning-path service:","timestamp":"2025-05-07T16:49:50.485Z"}
{"level":"info","message":"Completed warming cycle","timestamp":"2025-05-07T16:49:50.486Z"}
{"level":"info","message":"Peak hour detected, running priority warm-up","timestamp":"2025-05-07T16:50:00.551Z"}
{"level":"info","message":"Starting warming cycle","timestamp":"2025-05-07T16:50:00.552Z"}
{"level":"info","message":"Peak hours for auth service, prioritizing warm-up","timestamp":"2025-05-07T16:50:00.553Z"}
{"level":"error","message":"Error warming auth service:","timestamp":"2025-05-07T16:50:00.746Z"}
{"level":"info","message":"Peak hours for user service, prioritizing warm-up","timestamp":"2025-05-07T16:50:00.746Z"}
{"level":"error","message":"Error warming user service:","timestamp":"2025-05-07T16:50:00.770Z"}
{"level":"info","message":"Peak hours for learning-path service, prioritizing warm-up","timestamp":"2025-05-07T16:50:00.771Z"}
{"level":"error","message":"Error warming learning-path service:","timestamp":"2025-05-07T16:50:00.776Z"}
{"level":"info","message":"Completed warming cycle","timestamp":"2025-05-07T16:50:00.782Z"}
{"level":"info","message":"Peak hour detected, running priority warm-up","timestamp":"2025-05-07T16:55:00.808Z"}
{"level":"info","message":"Starting warming cycle","timestamp":"2025-05-07T16:55:00.822Z"}
{"level":"info","message":"Peak hours for auth service, prioritizing warm-up","timestamp":"2025-05-07T16:55:00.825Z"}
{"level":"error","message":"Error warming auth service:","timestamp":"2025-05-07T16:55:14.380Z"}
{"level":"info","message":"Peak hours for user service, prioritizing warm-up","timestamp":"2025-05-07T16:55:14.382Z"}
{"level":"error","message":"Error warming user service:","timestamp":"2025-05-07T16:55:14.471Z"}
{"level":"info","message":"Peak hours for learning-path service, prioritizing warm-up","timestamp":"2025-05-07T16:55:14.471Z"}
{"level":"error","message":"Error warming learning-path service:","timestamp":"2025-05-07T16:55:14.507Z"}
{"level":"info","message":"Completed warming cycle","timestamp":"2025-05-07T16:55:14.507Z"}
{"level":"info","message":"Running standard warm-up cycle","timestamp":"2025-05-07T17:00:00.914Z"}
{"level":"info","message":"Starting warming cycle","timestamp":"2025-05-07T17:00:00.929Z"}
{"level":"error","message":"Error warming auth service:","timestamp":"2025-05-07T17:00:36.844Z"}
{"level":"error","message":"Error warming user service:","timestamp":"2025-05-07T17:00:36.940Z"}
{"level":"error","message":"Error warming learning-path service:","timestamp":"2025-05-07T17:00:36.970Z"}
{"level":"info","message":"Completed warming cycle","timestamp":"2025-05-07T17:00:36.970Z"}
{"level":"info","message":"Running standard warm-up cycle","timestamp":"2025-05-07T17:15:00.785Z"}
{"level":"info","message":"Starting warming cycle","timestamp":"2025-05-07T17:15:00.808Z"}
{"level":"error","message":"Error warming auth service:","timestamp":"2025-05-07T17:15:46.810Z"}
{"level":"error","message":"Error warming learning-path service:","timestamp":"2025-05-07T17:15:49.954Z"}
{"level":"info","message":"Completed warming cycle","timestamp":"2025-05-07T17:15:49.955Z"}
{"level":"info","message":"Running standard warm-up cycle","timestamp":"2025-05-07T17:30:00.345Z"}
{"level":"info","message":"Starting warming cycle","timestamp":"2025-05-07T17:30:00.411Z"}
{"level":"error","message":"Error warming auth service:","timestamp":"2025-05-07T17:30:01.271Z"}
{"level":"error","message":"Error warming learning-path service:","timestamp":"2025-05-07T17:30:02.974Z"}
{"level":"info","message":"Completed warming cycle","timestamp":"2025-05-07T17:30:02.975Z"}
{"level":"info","message":"Running standard warm-up cycle","timestamp":"2025-05-07T17:45:00.653Z"}
{"level":"info","message":"Starting warming cycle","timestamp":"2025-05-07T17:45:00.672Z"}
{"level":"error","message":"Error warming auth service:","timestamp":"2025-05-07T17:45:02.102Z"}
{"level":"error","message":"Error warming learning-path service:","timestamp":"2025-05-07T17:45:04.058Z"}
{"level":"info","message":"Completed warming cycle","timestamp":"2025-05-07T17:45:04.059Z"}
{"level":"info","message":"Running standard warm-up cycle","timestamp":"2025-05-07T18:00:00.286Z"}
{"level":"info","message":"Starting warming cycle","timestamp":"2025-05-07T18:00:00.302Z"}
{"level":"error","message":"Error warming auth service:","timestamp":"2025-05-07T18:00:01.114Z"}
{"level":"error","message":"Error warming learning-path service:","timestamp":"2025-05-07T18:00:03.673Z"}
{"level":"info","message":"Completed warming cycle","timestamp":"2025-05-07T18:00:03.674Z"}
{"level":"info","message":"Running standard warm-up cycle","timestamp":"2025-05-07T18:15:00.315Z"}
{"level":"info","message":"Starting warming cycle","timestamp":"2025-05-07T18:15:00.331Z"}
{"level":"error","message":"Error warming auth service:","timestamp":"2025-05-07T18:20:45.215Z"}
{"level":"error","message":"Error warming learning-path service:","timestamp":"2025-05-07T18:20:47.583Z"}
{"level":"info","message":"Completed warming cycle","timestamp":"2025-05-07T18:20:47.649Z"}
{"level":"info","message":"Running standard warm-up cycle","timestamp":"2025-05-07T18:30:00.309Z"}
{"level":"info","message":"Starting warming cycle","timestamp":"2025-05-07T18:30:00.641Z"}
{"level":"error","message":"Error warming auth service:","timestamp":"2025-05-07T18:30:16.165Z"}
{"level":"error","message":"Error warming user service:","timestamp":"2025-05-07T18:30:18.400Z"}
{"level":"error","message":"Error warming learning-path service:","timestamp":"2025-05-07T18:30:19.824Z"}
{"level":"info","message":"Completed warming cycle","timestamp":"2025-05-07T18:30:19.867Z"}
{"level":"info","message":"Running standard warm-up cycle","timestamp":"2025-05-07T18:45:00.739Z"}
{"level":"info","message":"Starting warming cycle","timestamp":"2025-05-07T18:45:01.247Z"}
{"level":"error","message":"Error warming auth service:","timestamp":"2025-05-07T18:53:16.146Z"}
{"level":"error","message":"Error warming learning-path service:","timestamp":"2025-05-07T18:53:21.432Z"}
{"level":"info","message":"Completed warming cycle","timestamp":"2025-05-07T18:53:21.448Z"}
